19:11:29,23 root INFO task type consumer created 'zeebe:26500'
19:11:29,23 root INFO TerminationProcessor: SIGTERM subscribed
19:12:46,794 root INFO job processed: {job}
19:12:47,119 root INFO job processed: {job}
19:12:47,513 root INFO job processed: {job}
19:12:47,661 root INFO job processed: {job}
19:12:48,106 root INFO job processed: {job}
19:12:48,197 root INFO job processed: {job}
19:12:49,952 root INFO job processed: {job}
19:12:50,472 root INFO job processed: {job}
19:12:50,542 root INFO job processed: {job}
19:12:50,975 root INFO job processed: {job}
19:12:52,160 root INFO job processed: {job}
19:12:52,311 root INFO job processed: {job}
19:12:52,522 root INFO job processed: {job}
19:12:52,985 root INFO job processed: {job}
19:12:53,693 root INFO job processed: {job}
19:12:53,823 root INFO job processed: {job}
19:12:53,945 root INFO job processed: {job}
19:12:54,229 root INFO job processed: {job}
19:12:56,735 root INFO job processed: {job}
19:12:57,139 root INFO job processed: {job}
19:12:57,976 root INFO job processed: {job}
19:12:58,519 root INFO job processed: {job}
19:12:58,574 root INFO job processed: {job}
19:12:58,802 root INFO job processed: {job}
19:12:58,991 root INFO job processed: {job}
19:12:59,65 root INFO job processed: {job}
19:12:59,113 root INFO job processed: {job}
19:12:59,221 root INFO job processed: {job}
19:12:59,286 root INFO job processed: {job}
19:12:59,363 root INFO job processed: {job}
19:12:59,477 root INFO job processed: {job}
19:12:59,535 root INFO job processed: {job}
19:12:59,619 root INFO job processed: {job}
19:12:59,678 root INFO job processed: {job}
19:12:59,727 root INFO job processed: {job}
19:12:59,905 root INFO job processed: {job}
19:13:00,23 root INFO job processed: {job}
19:13:00,199 root INFO job processed: {job}
19:13:00,311 root INFO job processed: {job}
19:13:00,452 root INFO job processed: {job}
19:13:00,500 root INFO job processed: {job}
19:13:00,561 root INFO job processed: {job}
19:13:00,765 root INFO job processed: {job}
19:13:00,805 root INFO job processed: {job}
19:13:00,857 root INFO job processed: {job}
19:13:00,983 root INFO job processed: {job}
19:13:01,221 root INFO job processed: {job}
19:13:01,396 root INFO job processed: {job}
19:13:01,454 root INFO job processed: {job}
19:13:01,510 root INFO job processed: {job}
19:13:01,570 root INFO job processed: {job}
19:13:01,639 root INFO job processed: {job}
19:13:01,688 root INFO job processed: {job}
19:13:01,826 root INFO job processed: {job}
19:13:01,874 root INFO job processed: {job}
19:13:01,921 root INFO job processed: {job}
19:13:01,981 root INFO job processed: {job}
19:13:02,51 root INFO job processed: {job}
19:13:02,96 root INFO job processed: {job}
19:13:02,271 root INFO job processed: {job}
19:13:02,329 root INFO job processed: {job}
19:13:02,390 root INFO job processed: {job}
19:13:02,445 root INFO job processed: {job}
19:13:02,536 root INFO job processed: {job}
19:13:02,595 root INFO job processed: {job}
19:13:02,634 root INFO job processed: {job}
19:13:02,734 root INFO job processed: {job}
19:13:02,810 root INFO job processed: {job}
19:13:02,902 root INFO job processed: {job}
19:13:03,123 root INFO job processed: {job}
19:13:03,280 root INFO job processed: {job}
19:13:03,313 root INFO job processed: {job}
19:13:03,363 root INFO job processed: {job}
19:13:03,468 root INFO job processed: {job}
19:13:03,804 root INFO job processed: {job}
19:13:03,855 root INFO job processed: {job}
19:13:03,929 root INFO job processed: {job}
19:13:03,995 root INFO job processed: {job}
19:13:04,53 root INFO job processed: {job}
19:13:04,78 root ERROR Error while receive message: <_MultiThreadedRendezvous of RPC that terminated with:
	status = StatusCode.RESOURCE_EXHAUSTED
	details = "Expected to activate jobs of type 'notify_client', but no jobs available and at least one broker returned 'RESOURCE_EXHAUSTED'. Please try again later."
	debug_error_string = "{"created":"@1640189584.077889126","description":"Error received from peer ipv4:192.1.1.5:26500","file":"src/core/lib/surface/call.cc","file_line":1074,"grpc_message":"Expected to activate jobs of type 'notify_client', but no jobs available and at least one broker returned 'RESOURCE_EXHAUSTED'. Please try again later.","grpc_status":8}"
>
19:13:04,124 root INFO job processed: {job}
19:13:04,194 root INFO job processed: {job}
19:13:04,251 root INFO job processed: {job}
19:13:04,271 root INFO job processed: {job}
19:13:04,287 root INFO job processed: {job}
19:13:11,725 root INFO job processed: {job}
19:13:11,782 root INFO job processed: {job}
19:13:11,847 root INFO job processed: {job}
19:13:11,897 root INFO job processed: {job}
19:13:12,27 root INFO job processed: {job}
19:13:12,74 root INFO job processed: {job}
19:13:12,133 root INFO job processed: {job}
19:13:12,257 root INFO job processed: {job}
19:13:12,310 root INFO job processed: {job}
19:13:12,373 root INFO job processed: {job}
19:13:12,485 root INFO job processed: {job}
19:13:12,545 root INFO job processed: {job}
19:13:12,601 root INFO job processed: {job}
19:13:12,662 root INFO job processed: {job}
19:13:12,778 root INFO job processed: {job}
19:13:12,835 root INFO job processed: {job}
19:13:12,897 root INFO job processed: {job}
19:13:13,12 root INFO job processed: {job}
19:13:13,66 root INFO job processed: {job}
19:13:13,120 root INFO job processed: {job}
19:13:13,183 root INFO job processed: {job}
19:13:13,303 root INFO job processed: {job}
19:13:13,353 root INFO job processed: {job}
19:13:13,409 root INFO job processed: {job}
19:13:13,532 root INFO job processed: {job}
19:14:14,334 root INFO job processed: {job}
19:14:14,736 root INFO job processed: {job}
19:14:14,792 root INFO job processed: {job}
19:14:14,851 root INFO job processed: {job}
19:14:14,914 root INFO job processed: {job}
19:14:14,982 root INFO job processed: {job}
19:14:15,27 root INFO job processed: {job}
19:14:15,85 root INFO job processed: {job}
19:14:15,145 root INFO job processed: {job}
19:14:15,213 root INFO job processed: {job}
19:14:15,263 root INFO job processed: {job}
19:14:15,319 root INFO job processed: {job}
19:14:15,382 root INFO job processed: {job}
19:14:15,434 root INFO job processed: {job}
19:14:15,493 root INFO job processed: {job}
19:14:15,552 root INFO job processed: {job}
19:14:15,612 root INFO job processed: {job}
19:14:15,715 root INFO job processed: {job}
19:14:15,747 root INFO job processed: {job}
19:14:15,795 root INFO job processed: {job}
19:14:15,902 root INFO job processed: {job}
19:14:16,17 root INFO job processed: {job}
19:14:16,75 root INFO job processed: {job}
19:14:16,178 root INFO job processed: {job}
19:14:16,227 root INFO job processed: {job}
19:14:16,269 root INFO job processed: {job}
19:14:16,321 root INFO job processed: {job}
19:14:16,382 root INFO job processed: {job}
19:14:16,442 root INFO job processed: {job}
19:14:16,562 root INFO job processed: {job}
19:14:16,611 root INFO job processed: {job}
19:14:16,672 root INFO job processed: {job}
19:14:16,738 root INFO job processed: {job}
19:14:16,788 root INFO job processed: {job}
19:14:16,848 root INFO job processed: {job}
19:14:17,26 root INFO job processed: {job}
19:14:17,86 root INFO job processed: {job}
19:14:17,192 root INFO job processed: {job}
19:14:17,213 root INFO job processed: {job}
19:14:17,273 root INFO job processed: {job}
19:14:17,386 root INFO job processed: {job}
19:14:17,439 root INFO job processed: {job}
19:14:17,612 root INFO job processed: {job}
19:14:55,697 root INFO job processed: {job}
19:16:24,553 root INFO job processed: {job}
19:16:24,612 root INFO job processed: {job}
19:16:24,665 root INFO job processed: {job}
19:16:24,722 root INFO job processed: {job}
19:16:24,781 root INFO job processed: {job}
19:16:24,846 root INFO job processed: {job}
19:16:25,14 root INFO job processed: {job}
19:16:25,87 root INFO job processed: {job}
19:16:25,130 root INFO job processed: {job}
19:16:25,210 root INFO job processed: {job}
19:16:25,288 root INFO job processed: {job}
19:16:25,398 root INFO job processed: {job}
19:16:25,575 root INFO job processed: {job}
19:16:25,631 root INFO job processed: {job}
19:16:25,805 root INFO job processed: {job}
19:16:25,867 root INFO job processed: {job}
19:16:25,919 root INFO job processed: {job}
19:16:25,981 root INFO job processed: {job}
19:16:26,54 root INFO job processed: {job}
19:16:26,105 root INFO job processed: {job}
19:16:26,166 root INFO job processed: {job}
19:16:26,219 root INFO job processed: {job}
19:16:26,347 root INFO job processed: {job}
19:16:26,358 root INFO job processed: {job}
19:16:26,398 root INFO job processed: {job}
19:16:26,451 root INFO job processed: {job}
19:16:26,514 root INFO job processed: {job}
19:16:26,575 root INFO job processed: {job}
19:16:26,650 root INFO job processed: {job}
19:16:26,768 root INFO job processed: {job}
19:16:26,929 root INFO job processed: {job}
19:16:27,58 root INFO job processed: {job}
19:16:27,91 root INFO job processed: {job}
19:16:27,124 root INFO job processed: {job}
19:16:27,536 root INFO job processed: {job}
19:16:27,631 root INFO job processed: {job}
19:16:27,679 root INFO job processed: {job}
19:16:27,748 root INFO job processed: {job}
19:16:27,827 root INFO job processed: {job}
19:16:27,887 root INFO job processed: {job}
19:16:27,914 root INFO job processed: {job}
19:16:27,942 root INFO job processed: {job}
19:16:27,961 root INFO job processed: {job}
19:16:27,995 root INFO job processed: {job}
19:16:28,18 root INFO job processed: {job}
19:16:28,42 root INFO job processed: {job}
19:16:29,17 root INFO job processed: {job}
19:16:29,81 root INFO job processed: {job}
19:16:29,159 root INFO job processed: {job}
19:16:29,211 root INFO job processed: {job}
19:16:29,278 root INFO job processed: {job}
19:16:29,388 root INFO job processed: {job}
19:16:29,446 root INFO job processed: {job}
19:16:29,633 root INFO job processed: {job}
19:16:29,679 root INFO job processed: {job}
19:16:29,736 root INFO job processed: {job}
19:16:29,822 root INFO job processed: {job}
19:16:29,881 root INFO job processed: {job}
19:16:29,984 root INFO job processed: {job}
19:16:30,51 root INFO job processed: {job}
19:16:30,99 root INFO job processed: {job}
19:16:30,159 root INFO job processed: {job}
19:16:30,227 root INFO job processed: {job}
19:16:30,339 root INFO job processed: {job}
19:16:30,411 root INFO job processed: {job}
19:16:30,524 root INFO job processed: {job}
19:16:30,566 root INFO job processed: {job}
19:16:30,652 root INFO job processed: {job}
19:16:30,744 root INFO job processed: {job}
19:16:30,782 root INFO job processed: {job}
19:16:31,890 root INFO job processed: {job}
19:16:31,946 root INFO job processed: {job}
19:16:32,3 root INFO job processed: {job}
19:16:32,57 root INFO job processed: {job}
19:16:32,114 root INFO job processed: {job}
19:16:32,184 root INFO job processed: {job}
19:16:32,265 root INFO job processed: {job}
19:16:32,317 root INFO job processed: {job}
19:16:32,377 root INFO job processed: {job}
19:16:32,471 root INFO job processed: {job}
19:16:33,535 root INFO job processed: {job}
19:16:33,590 root INFO job processed: {job}
19:16:33,737 root INFO job processed: {job}
19:16:33,783 root INFO job processed: {job}
19:16:33,898 root INFO job processed: {job}
19:16:33,948 root INFO job processed: {job}
19:16:33,976 root INFO job processed: {job}
19:16:34,59 root INFO job processed: {job}
19:16:34,128 root INFO job processed: {job}
19:16:34,180 root INFO job processed: {job}
19:16:34,206 root INFO job processed: {job}
19:16:34,263 root INFO job processed: {job}
19:16:34,328 root INFO job processed: {job}
19:16:34,395 root INFO job processed: {job}
19:16:34,449 root INFO job processed: {job}
19:16:34,519 root INFO job processed: {job}
19:16:34,710 root INFO job processed: {job}
19:16:34,791 root INFO job processed: {job}
19:16:34,840 root INFO job processed: {job}
19:16:34,933 root INFO job processed: {job}
19:16:35,120 root INFO job processed: {job}
19:16:35,179 root INFO job processed: {job}
19:16:35,232 root INFO job processed: {job}
19:16:35,287 root INFO job processed: {job}
19:16:35,419 root INFO job processed: {job}
19:16:35,487 root INFO job processed: {job}
19:18:09,340 root INFO TerminationProcessor: __exit_gracefully__ called
19:18:15,715 root INFO Finally channel closed
